[debug] [2019-10-24T05:30:18.796Z] ----------------------------------------------------------------------
[debug] [2019-10-24T05:30:18.797Z] Command:       C:\Program Files\nodejs\node.exe C:\Users\Ismail\AppData\Roaming\npm\node_modules\firebase-tools\lib\bin\firebase.js deploy
[debug] [2019-10-24T05:30:18.798Z] CLI Version:   7.6.1
[debug] [2019-10-24T05:30:18.798Z] Platform:      win32
[debug] [2019-10-24T05:30:18.798Z] Node Version:  v10.15.3
[debug] [2019-10-24T05:30:18.798Z] Time:          Thu Oct 24 2019 10:30:18 GMT+0500 (Pakistan Standard Time)
[debug] [2019-10-24T05:30:18.798Z] ----------------------------------------------------------------------
[debug] [2019-10-24T05:30:18.798Z] 
[debug] [2019-10-24T05:30:18.804Z] > command requires scopes: ["email","openid","https://www.googleapis.com/auth/cloudplatformprojects.readonly","https://www.googleapis.com/auth/firebase","https://www.googleapis.com/auth/cloud-platform"]
[debug] [2019-10-24T05:30:18.804Z] > authorizing via signed-in user
[debug] [2019-10-24T05:30:18.804Z] [iam] checking project nomada-7f903 for permissions ["firebase.projects.get","firebasehosting.sites.update"]
[debug] [2019-10-24T05:30:18.805Z] >>> HTTP REQUEST POST https://cloudresourcemanager.googleapis.com/v1/projects/nomada-7f903:testIamPermissions  

[debug] [2019-10-24T05:30:20.653Z] <<< HTTP RESPONSE 200
[debug] [2019-10-24T05:30:20.654Z] >>> HTTP REQUEST GET https://firebase.googleapis.com/v1beta1/projects/nomada-7f903  
 
[debug] [2019-10-24T05:30:21.224Z] <<< HTTP RESPONSE 200
[info] 
[info] === Deploying to 'nomada-7f903'...
[info] 
[info] i  deploying hosting
[debug] [2019-10-24T05:30:21.229Z] >>> HTTP REQUEST POST https://firebasehosting.googleapis.com/v1beta1/sites/nomada-7f903/versions  

[debug] [2019-10-24T05:30:24.005Z] <<< HTTP RESPONSE 200
[info] i  hosting[nomada-7f903]: beginning deploy...
[info] i  hosting[nomada-7f903]: found 242 files in public
[debug] [2019-10-24T05:30:24.177Z] [hosting] hash cache [cHVibGlj] stored for 242 files
[debug] [2019-10-24T05:30:24.177Z] [hosting][hash queue][FINAL]
[debug] [2019-10-24T05:30:24.177Z] >>> HTTP REQUEST POST https://firebasehosting.googleapis.com/v1beta1/sites/nomada-7f903/versions/530d0a23d9404df8:populateFiles  
 <request body omitted>
[debug] [2019-10-24T05:30:24.348Z] Error: write EIO
    at afterWriteDispatched (internal/stream_base_commons.js:78:25)
    at writeGeneric (internal/stream_base_commons.js:73:3)
    at WriteStream.Socket._writeGeneric (net.js:704:5)
    at WriteStream.Socket._write (net.js:716:8)
    at doWrite (_stream_writable.js:410:12)
    at writeOrBuffer (_stream_writable.js:394:5)
    at WriteStream.Writable.write (_stream_writable.js:294:11)
    at _updateSpinner (C:\Users\Ismail\AppData\Roaming\npm\node_modules\firebase-tools\lib\deploy\hosting\deploy.js:20:28)
    at Timeout._onTimeout (C:\Users\Ismail\AppData\Roaming\npm\node_modules\firebase-tools\lib\deploy\hosting\deploy.js:38:13)
    at ontimeout (timers.js:436:11)
[error] 
[error] Error: An unexpected error has occurred.
